<?xml version="1.0" encoding="UTF-8"?>
<!-- Generated by org.testng.reporters.JUnitReportReporter -->
<testsuite skipped="0" hostname="DESKTOP-1Q7PT2D" name="UniRestTest.UniRestTestClass" tests="1" failures="0" timestamp="16 Apr 2019 03:48:25 GMT" time="4.358" errors="0">
  <testcase name="shouldReturnStatusOkay" time="4.358" classname="UniRestTest.UniRestTestClass"/>
</testsuite> <!-- UniRestTest.UniRestTestClass -->
