<?xml version="1.0" encoding="UTF-8"?>
<!-- Generated by org.testng.reporters.JUnitReportReporter -->
<testsuite skipped="0" hostname="DESKTOP-1Q7PT2D" name="Test.TestCase" tests="3" failures="0" timestamp="29 Apr 2019 10:33:25 GMT" time="7.152" errors="0">
  <testcase name="testDelete" time="2.766" classname="Test.TestCase"/>
  <testcase name="test" time="1.354" classname="Test.TestCase"/>
  <testcase name="testPost" time="3.032" classname="Test.TestCase"/>
</testsuite> <!-- Test.TestCase -->
